Parsed cycle certificates:
S_count=53
T_count=46
U_count=38
V_count=28
K=28
S_limit=53

V0 composed_len=511 max_symbol=35 FACTORED factor_count=127 prefix: S1 S1 S1 S1 S1 S1 S4 S1 S1 S1 S1 S4 S1 S1 S4 S11 S1 S4 S1 S1 S1 S4 S1 S1 S4 S11 S1 S4 S12 S11 ...
V1 composed_len=1 max_symbol=1 FACTORED factor_count=1 prefix: S1
V2 composed_len=1013 max_symbol=39 FACTORED factor_count=247 prefix: S1 S1 S1 S1 S1 S1 S4 S1 S1 S1 S1 S1 S4 S1 S1 S1 S4 S1 S7 S4 S1 S1 S4 S1 S1 S1 S1 S4 S1 S1 ...
V3 composed_len=9 max_symbol=3 FACTORED factor_count=7 prefix: S1 S1 S1 S1 S1 S1 S3
V4 composed_len=9 max_symbol=4 FACTORED factor_count=7 prefix: S1 S1 S1 S1 S1 S1 S4
V5 composed_len=1981 max_symbol=42 FACTORED factor_count=466 prefix: S1 S1 S1 S1 S1 S1 S4 S1 S1 S1 S1 S4 S1 S1 S4 S11 S1 S4 S1 S1 S1 S4 S1 S1 S1 S1 S1 S4 S1 S1 ...
V6 composed_len=45 max_symbol=6 FACTORED factor_count=28 prefix: S1 S1 S1 S1 S1 S1 S3 S1 S1 S1 S1 S3 S1 S1 S3 S6 S1 S3 S1 S1 S1 S3 S1 S1 S1 S1 S1 S3
V7 composed_len=45 max_symbol=7 FACTORED factor_count=28 prefix: S1 S1 S1 S1 S1 S1 S4 S1 S1 S1 S1 S1 S4 S1 S1 S1 S4 S1 S7 S4 S1 S1 S4 S1 S1 S1 S1 S4
V8 composed_len=3797 max_symbol=43 FACTORED factor_count=848 prefix: S1 S1 S1 S1 S1 S1 S4 S1 S1 S1 S1 S1 S4 S1 S1 S1 S4 S1 S7 S4 S1 S1 S4 S1 S1 S1 S1 S4 S1 S1 ...
V9 composed_len=165 max_symbol=10 FACTORED factor_count=84 prefix: S1 S1 S1 S1 S1 S1 S3 S1 S1 S1 S1 S1 S3 S1 S1 S1 S3 S1 S10 S3 S1 S1 S3 S1 S1 S1 S1 S3 S1 S1 ...
V10 composed_len=45 max_symbol=10 FACTORED factor_count=28 prefix: S1 S1 S1 S1 S1 S1 S3 S1 S1 S1 S1 S1 S3 S1 S1 S1 S3 S1 S10 S3 S1 S1 S3 S1 S1 S1 S1 S3
V11 composed_len=45 max_symbol=11 FACTORED factor_count=28 prefix: S1 S1 S1 S1 S1 S1 S4 S1 S1 S1 S1 S4 S1 S1 S4 S11 S1 S4 S1 S1 S1 S4 S1 S1 S1 S1 S1 S4
V12 composed_len=165 max_symbol=12 FACTORED factor_count=84 prefix: S1 S1 S1 S1 S1 S1 S4 S1 S1 S1 S1 S4 S1 S1 S4 S11 S1 S4 S1 S1 S1 S4 S1 S1 S1 S1 S1 S4 S1 S1 ...
V13 composed_len=7099 max_symbol=42 FACTORED factor_count=1486 prefix: S1 S1 S1 S1 S1 S1 S4 S1 S1 S1 S1 S4 S1 S1 S4 S11 S1 S4 S1 S1 S1 S4 S1 S1 S1 S1 S1 S4 S1 S1 ...
V14 composed_len=495 max_symbol=15 FACTORED factor_count=210 prefix: S1 S1 S1 S1 S1 S1 S3 S1 S1 S1 S1 S3 S1 S1 S3 S6 S1 S3 S1 S1 S1 S3 S1 S1 S1 S1 S1 S3 S1 S1 ...
V15 composed_len=165 max_symbol=15 FACTORED factor_count=84 prefix: S1 S1 S1 S1 S1 S1 S3 S1 S1 S1 S1 S3 S1 S1 S3 S6 S1 S3 S1 S1 S1 S3 S1 S1 S1 S1 S1 S3 S1 S1 ...
V16 composed_len=165 max_symbol=16 FACTORED factor_count=84 prefix: S1 S1 S1 S1 S1 S1 S4 S1 S1 S1 S1 S1 S4 S1 S1 S1 S4 S1 S7 S4 S1 S1 S4 S1 S1 S1 S1 S4 S1 S1 ...
V17 composed_len=495 max_symbol=17 FACTORED factor_count=210 prefix: S1 S1 S1 S1 S1 S1 S4 S1 S1 S1 S1 S1 S4 S1 S1 S1 S4 S1 S7 S4 S1 S1 S4 S1 S1 S1 S1 S4 S1 S1 ...
V18 composed_len=12911 max_symbol=43 FACTORED factor_count=2510 prefix: S1 S1 S1 S1 S1 S1 S4 S1 S1 S1 S1 S1 S4 S1 S1 S1 S4 S1 S7 S4 S1 S1 S4 S1 S1 S1 S1 S4 S1 S1 ...
V19 composed_len=1287 max_symbol=20 FACTORED factor_count=462 prefix: S1 S1 S1 S1 S1 S1 S3 S1 S1 S1 S1 S1 S3 S1 S1 S1 S3 S1 S10 S3 S1 S1 S3 S1 S1 S1 S1 S3 S1 S1 ...
V20 composed_len=495 max_symbol=20 FACTORED factor_count=210 prefix: S1 S1 S1 S1 S1 S1 S3 S1 S1 S1 S1 S1 S3 S1 S1 S1 S3 S1 S10 S3 S1 S1 S3 S1 S1 S1 S1 S3 S1 S1 ...
V21 composed_len=495 max_symbol=21 FACTORED factor_count=210 prefix: S1 S1 S1 S1 S1 S1 S4 S1 S1 S1 S1 S4 S1 S1 S4 S11 S1 S4 S1 S1 S1 S4 S1 S1 S1 S1 S1 S4 S1 S1 ...
V22 composed_len=1287 max_symbol=22 FACTORED factor_count=462 prefix: S1 S1 S1 S1 S1 S1 S4 S1 S1 S1 S1 S4 S1 S1 S4 S11 S1 S4 S1 S1 S1 S4 S1 S1 S1 S1 S1 S4 S1 S1 ...
V23 composed_len=22819 max_symbol=42 FACTORED factor_count=4096 prefix: S1 S1 S1 S1 S1 S1 S4 S1 S1 S1 S1 S4 S1 S1 S4 S11 S1 S4 S1 S1 S1 S4 S1 S1 S1 S1 S1 S4 S1 S1 ...
V24 composed_len=3003 max_symbol=25 FACTORED factor_count=924 prefix: S1 S1 S1 S1 S1 S1 S3 S1 S1 S1 S1 S3 S1 S1 S3 S6 S1 S3 S1 S1 S1 S3 S1 S1 S1 S1 S1 S3 S1 S1 ...
V25 composed_len=1287 max_symbol=25 FACTORED factor_count=462 prefix: S1 S1 S1 S1 S1 S1 S3 S1 S1 S1 S1 S3 S1 S1 S3 S6 S1 S3 S1 S1 S1 S3 S1 S1 S1 S1 S1 S3 S1 S1 ...
V26 composed_len=1287 max_symbol=26 FACTORED factor_count=462 prefix: S1 S1 S1 S1 S1 S1 S4 S1 S1 S1 S1 S1 S4 S1 S1 S1 S4 S1 S7 S4 S1 S1 S4 S1 S1 S1 S1 S4 S1 S1 ...
V27 composed_len=3003 max_symbol=27 FACTORED factor_count=924 prefix: S1 S1 S1 S1 S1 S1 S4 S1 S1 S1 S1 S1 S4 S1 S1 S1 S4 S1 S7 S4 S1 S1 S4 S1 S1 S1 S1 S4 S1 S1 ...

RESULT SUMMARY:
checked_words=28
factored=28
failed=0
symbol_bad_total=0

RESULT: 4-STEP CYCLE COMPOSITION FACTORIZATION VERIFIED
Every composed V0..V27 expansion factors into certified S0..S52 words.
